<?xml version="1.0" encoding="UTF-8"?>
<testsuites name="LoginTests" time="5.743" tests="1" failures="0" errors="0">
   <testsuite name="LoginTests" tests="1" failures="0" errors="0" time="5.743" skipped="0" timestamp="2023-07-30 00:32:02" hostname="WONDERS - host.docker.internal" id="Test Suites/swaglabsui/LoginTests">
      <properties>
         <property name="deviceName" value=""/>
         <property name="devicePlatform" value=""/>
         <property name="logFolder" value="C:\\Users\\WONDERS\\Desktop\\katalon-saucelabs\\Reports\\20230730_003154\\swaglabsui\\LoginTests\\20230730_003154"/>
         <property name="logFiles" value="C:\\Users\\WONDERS\\Desktop\\katalon-saucelabs\\Reports\\20230730_003154\\swaglabsui\\LoginTests\\20230730_003154\\execution0.log"/>
         <property name="attachments" value=""/>
         <property name="hostName" value="WONDERS - host.docker.internal"/>
         <property name="os" value="Windows 11 64bit"/>
         <property name="katalonVersion" value="8.6.5.208"/>
         <property name="browser" value="Chrome 115.0.0.0"/>
         <property name="hostAddress" value="192.168.254.102"/>
         <property name="sessionId" value="2e370e5aff642a94730354d044cd2e15"/>
         <property name="seleniumVersion" value="3.141.59"/>
         <property name="proxyInformation" value="ProxyInformation { proxyOption=NO_PROXY, proxyServerType=HTTP, username=, password=********, proxyServerAddress=, proxyServerPort=0, executionList=&quot;&quot;, isApplyToDesiredCapabilities=true }"/>
         <property name="platform" value="Windows 11"/>
      </properties>
      <testcase name="Test Cases/swaglabsui/login/SuccessfulLogin" time="5.553" classname="Test Cases/swaglabsui/login/SuccessfulLogin" status="PASSED">
         <system-out><![CDATA[2023-07-30 00:32:02 - [TEST_CASE][PASSED] - Test Cases/swaglabsui/login/SuccessfulLogin: Test Cases/swaglabsui/login/SuccessfulLogin

2023-07-30 00:32:02 - [TEST_STEP][PASSED] - openBrowser(""): Browser is opened with url: ''

2023-07-30 00:32:02 - [MESSAGE][INFO] - Starting 'Chrome' driver

2023-07-30 00:32:02 - [MESSAGE][INFO] - Action delay is set to 0 milliseconds

2023-07-30 00:32:04 - [MESSAGE][PASSED] - Browser is opened with url: ''

2023-07-30 00:32:04 - [TEST_STEP][PASSED] - navigateToUrl("https://www.saucedemo.com/v1/"): Navigate to 'https://www.saucedemo.com/v1/' successfully

2023-07-30 00:32:04 - [MESSAGE][PASSED] - Navigate to 'https://www.saucedemo.com/v1/' successfully

2023-07-30 00:32:04 - [TEST_STEP][PASSED] - setText(findTestObject("Object Repository/Page_Swag Labs/input_standard_userlocked_out_userproblem_u_db77ac"), "standard_user"): Text 'standard_user' is set on object 'Object Repository/Page_Swag Labs/input_standard_userlocked_out_userproblem_u_db77ac'

2023-07-30 00:32:05 - [MESSAGE][PASSED] - Text 'standard_user' is set on object 'Object Repository/Page_Swag Labs/input_standard_userlocked_out_userproblem_u_db77ac'

2023-07-30 00:32:05 - [TEST_STEP][PASSED] - setEncryptedText(findTestObject("Object Repository/Page_Swag Labs/input_standard_userlocked_out_userproblem_u_3423e9"), "qcu24s4901FyWDTwXGr6XA=="): Text ****** has been set on object 'Object Repository/Page_Swag Labs/input_standard_userlocked_out_userproblem_u_3423e9'

2023-07-30 00:32:06 - [MESSAGE][PASSED] - Text ****** has been set on object 'Object Repository/Page_Swag Labs/input_standard_userlocked_out_userproblem_u_3423e9'

2023-07-30 00:32:06 - [TEST_STEP][PASSED] - click(findTestObject("Object Repository/Page_Swag Labs/input_standard_userlocked_out_userproblem_u_0dff71")): Object: 'Object Repository/Page_Swag Labs/input_standard_userlocked_out_userproblem_u_0dff71' is clicked on

2023-07-30 00:32:06 - [MESSAGE][PASSED] - Object: 'Object Repository/Page_Swag Labs/input_standard_userlocked_out_userproblem_u_0dff71' is clicked on

2023-07-30 00:32:06 - [TEST_STEP][PASSED] - verifyElementText(findTestObject("Object Repository/Page_Swag Labs/div_Open Menu_app_logo"), ""): Actual text and expected text of test object 'Object Repository/Page_Swag Labs/div_Open Menu_app_logo' are matched.

2023-07-30 00:32:07 - [MESSAGE][PASSED] - Actual text and expected text of test object 'Object Repository/Page_Swag Labs/div_Open Menu_app_logo' are matched.

2023-07-30 00:32:07 - [TEST_STEP][PASSED] - closeBrowser(): Browser is closed

2023-07-30 00:32:07 - [MESSAGE][PASSED] - Browser is closed]]></system-out>
         <system-err><![CDATA[]]></system-err>
      </testcase>
      <system-out><![CDATA[2023-07-30 00:32:02 - [TEST_SUITE][PASSED] - LoginTests: Test Cases/swaglabsui/login/SuccessfulLogin]]></system-out>
      <system-err><![CDATA[]]></system-err>
   </testsuite>
</testsuites>
